<?xml version="1.0" encoding="UTF-8"?>
<testsuite xmlns:xsi="http://www.w3.org/2001/XMLSchema-instance" xsi:noNamespaceSchemaLocation="https://maven.apache.org/surefire/maven-surefire-plugin/xsd/surefire-test-report.xsd" version="3.0.2" name="com.JeevanJyotiHospital.JeevanJyotiHospitalApplicationTests" time="15.767" tests="1" errors="0" skipped="0" failures="0">
  <properties>
[...]
</properties>
  <testcase name="contextLoads" classname="com.JeevanJyotiHospital.JeevanJyotiHospitalApplicationTests" time="1.533">
    <system-out><![CDATA[16:46:12.411 [main] INFO org.springframework.test.context.support.AnnotationConfigContextLoaderUtils -- Could not detect default configuration classes for test class [com.JeevanJyotiHospital.JeevanJyotiHospitalApplicationTests]: JeevanJyotiHospitalApplicationTests does not declare any static, non-private, non-final, nested classes annotated with @Configuration.
16:46:12.547 [main] INFO org.springframework.boot.test.context.SpringBootTestContextBootstrapper -- Found @SpringBootConfiguration com.JeevanJyotiHospital.JeevanJyotiHospitalApplication for test class com.JeevanJyotiHospital.JeevanJyotiHospitalApplicationTests
16:46:12.769 [main] INFO org.springframework.boot.devtools.restart.RestartApplicationListener -- Restart disabled due to context in which it is running

  .   ____          _            __ _ _
 /\\ / ___'_ __ _ _(_)_ __  __ _ \ \ \ \
( ( )\___ | '_ | '_| | '_ \/ _` | \ \ \ \
 \\/  ___)| |_)| | | | | || (_| |  ) ) ) )
  '  |____| .__|_| |_|_| |_\__, | / / / /
 =========|_|==============|___/=/_/_/_/

 :: Spring Boot ::                (v3.5.3)

2025-09-26T16:46:13.078+05:30  INFO 9252 --- [JeevanJyotiHospital] [           main] c.J.JeevanJyotiHospitalApplicationTests  : Starting JeevanJyotiHospitalApplicationTests using Java 17.0.12 with PID 9252 (started by dheeraj.ab.kumar in C:\Users\dheeraj.ab.kumar\eclipse-workspace\JeevanJyotiHospital)
2025-09-26T16:46:13.080+05:30  INFO 9252 --- [JeevanJyotiHospital] [           main] c.J.JeevanJyotiHospitalApplicationTests  : No active profile set, falling back to 1 default profile: "default"
2025-09-26T16:46:14.208+05:30  INFO 9252 --- [JeevanJyotiHospital] [           main] .s.d.r.c.RepositoryConfigurationDelegate : Multiple Spring Data modules found, entering strict repository configuration mode
2025-09-26T16:46:14.212+05:30  INFO 9252 --- [JeevanJyotiHospital] [           main] .s.d.r.c.RepositoryConfigurationDelegate : Bootstrapping Spring Data JDBC repositories in DEFAULT mode.
2025-09-26T16:46:14.317+05:30  INFO 9252 --- [JeevanJyotiHospital] [           main] .RepositoryConfigurationExtensionSupport : Spring Data JDBC - Could not safely identify store assignment for repository candidate interface com.JeevanJyotiHospital.Repo.AddressRepo; If you want this repository to be a JDBC repository, consider annotating your entities with one of these annotations: org.springframework.data.relational.core.mapping.Table.
2025-09-26T16:46:14.322+05:30  INFO 9252 --- [JeevanJyotiHospital] [           main] .RepositoryConfigurationExtensionSupport : Spring Data JDBC - Could not safely identify store assignment for repository candidate interface com.JeevanJyotiHospital.Repo.AppointmentRepo; If you want this repository to be a JDBC repository, consider annotating your entities with one of these annotations: org.springframework.data.relational.core.mapping.Table.
2025-09-26T16:46:14.326+05:30  INFO 9252 --- [JeevanJyotiHospital] [           main] .RepositoryConfigurationExtensionSupport : Spring Data JDBC - Could not safely identify store assignment for repository candidate interface com.JeevanJyotiHospital.Repo.LoginRepo; If you want this repository to be a JDBC repository, consider annotating your entities with one of these annotations: org.springframework.data.relational.core.mapping.Table.
2025-09-26T16:46:14.329+05:30  INFO 9252 --- [JeevanJyotiHospital] [           main] .RepositoryConfigurationExtensionSupport : Spring Data JDBC - Could not safely identify store assignment for repository candidate interface com.JeevanJyotiHospital.Repo.RegistrationRepo; If you want this repository to be a JDBC repository, consider annotating your entities with one of these annotations: org.springframework.data.relational.core.mapping.Table.
2025-09-26T16:46:14.331+05:30  INFO 9252 --- [JeevanJyotiHospital] [           main] .s.d.r.c.RepositoryConfigurationDelegate : Finished Spring Data repository scanning in 93 ms. Found 0 JDBC repository interfaces.
2025-09-26T16:46:14.360+05:30  INFO 9252 --- [JeevanJyotiHospital] [           main] .s.d.r.c.RepositoryConfigurationDelegate : Multiple Spring Data modules found, entering strict repository configuration mode
2025-09-26T16:46:14.363+05:30  INFO 9252 --- [JeevanJyotiHospital] [           main] .s.d.r.c.RepositoryConfigurationDelegate : Bootstrapping Spring Data JPA repositories in DEFAULT mode.
2025-09-26T16:46:14.459+05:30  INFO 9252 --- [JeevanJyotiHospital] [           main] .s.d.r.c.RepositoryConfigurationDelegate : Finished Spring Data repository scanning in 82 ms. Found 4 JPA repository interfaces.
2025-09-26T16:46:16.077+05:30  INFO 9252 --- [JeevanJyotiHospital] [           main] o.hibernate.jpa.internal.util.LogHelper  : HHH000204: Processing PersistenceUnitInfo [name: default]
2025-09-26T16:46:16.309+05:30  INFO 9252 --- [JeevanJyotiHospital] [           main] org.hibernate.Version                    : HHH000412: Hibernate ORM core version 6.6.18.Final
2025-09-26T16:46:16.418+05:30  INFO 9252 --- [JeevanJyotiHospital] [           main] o.h.c.internal.RegionFactoryInitiator    : HHH000026: Second-level cache disabled
2025-09-26T16:46:18.504+05:30  INFO 9252 --- [JeevanJyotiHospital] [           main] o.s.o.j.p.SpringPersistenceUnitInfo      : No LoadTimeWeaver setup: ignoring JPA class transformer
2025-09-26T16:46:18.593+05:30  INFO 9252 --- [JeevanJyotiHospital] [           main] com.zaxxer.hikari.HikariDataSource       : HikariPool-1 - Starting...
2025-09-26T16:46:19.389+05:30  INFO 9252 --- [JeevanJyotiHospital] [           main] com.zaxxer.hikari.pool.HikariPool        : HikariPool-1 - Added connection com.mysql.cj.jdbc.ConnectionImpl@1fe05fff
2025-09-26T16:46:19.391+05:30  INFO 9252 --- [JeevanJyotiHospital] [           main] com.zaxxer.hikari.HikariDataSource       : HikariPool-1 - Start completed.
2025-09-26T16:46:19.471+05:30  WARN 9252 --- [JeevanJyotiHospital] [           main] org.hibernate.orm.deprecation            : HHH90000025: MySQL8Dialect does not need to be specified explicitly using 'hibernate.dialect' (remove the property setting and it will be selected by default)
2025-09-26T16:46:19.474+05:30  WARN 9252 --- [JeevanJyotiHospital] [           main] org.hibernate.orm.deprecation            : HHH90000026: MySQL8Dialect has been deprecated; use org.hibernate.dialect.MySQLDialect instead
2025-09-26T16:46:19.531+05:30  INFO 9252 --- [JeevanJyotiHospital] [           main] org.hibernate.orm.connections.pooling    : HHH10001005: Database info:
	Database JDBC URL [Connecting through datasource 'HikariDataSource (HikariPool-1)']
	Database driver: undefined/unknown
	Database version: 8.0
	Autocommit mode: undefined/unknown
	Isolation level: undefined/unknown
	Minimum pool size: undefined/unknown
	Maximum pool size: undefined/unknown
2025-09-26T16:46:22.389+05:30  INFO 9252 --- [JeevanJyotiHospital] [           main] o.h.e.t.j.p.i.JtaPlatformInitiator       : HHH000489: No JTA platform available (set 'hibernate.transaction.jta.platform' to enable JTA platform integration)
2025-09-26T16:46:22.524+05:30  INFO 9252 --- [JeevanJyotiHospital] [           main] j.LocalContainerEntityManagerFactoryBean : Initialized JPA EntityManagerFactory for persistence unit 'default'
2025-09-26T16:46:23.405+05:30  WARN 9252 --- [JeevanJyotiHospital] [           main] JpaBaseConfiguration$JpaWebConfiguration : spring.jpa.open-in-view is enabled by default. Therefore, database queries may be performed during view rendering. Explicitly configure spring.jpa.open-in-view to disable this warning
2025-09-26T16:46:24.009+05:30  INFO 9252 --- [JeevanJyotiHospital] [           main] o.s.b.a.w.s.WelcomePageHandlerMapping    : Adding welcome page template: index
2025-09-26T16:46:24.704+05:30  INFO 9252 --- [JeevanJyotiHospital] [           main] eAuthenticationProviderManagerConfigurer : Global AuthenticationManager configured with AuthenticationProvider bean with name authenticationProvider
2025-09-26T16:46:24.706+05:30  WARN 9252 --- [JeevanJyotiHospital] [           main] r$InitializeUserDetailsManagerConfigurer : Global AuthenticationManager configured with an AuthenticationProvider bean. UserDetailsService beans will not be used by Spring Security for automatically configuring username/password login. Consider removing the AuthenticationProvider bean. Alternatively, consider using the UserDetailsService in a manually instantiated DaoAuthenticationProvider. If the current configuration is intentional, to turn off this warning, increase the logging level of 'org.springframework.security.config.annotation.authentication.configuration.InitializeUserDetailsBeanManagerConfigurer' to ERROR
2025-09-26T16:46:26.326+05:30  INFO 9252 --- [JeevanJyotiHospital] [           main] .w.s.a.s.AnnotationActionEndpointMapping : Supporting [WS-Addressing August 2004, WS-Addressing 1.0]
2025-09-26T16:46:26.448+05:30  INFO 9252 --- [JeevanJyotiHospital] [           main] c.J.JeevanJyotiHospitalApplicationTests  : Started JeevanJyotiHospitalApplicationTests in 13.692 seconds (process running for 15.299)
]]></system-out>
  </testcase>
</testsuite>